<?xml version="1.0" encoding="UTF-8"?>
<testsuite name="onboarding.ApplicationTest$Problem1Test" tests="3" skipped="0" failures="0" errors="0" timestamp="2023-08-28T05:05:41" hostname="DESKTOP-8791K5H" time="0.118">
  <properties/>
  <testcase name="case1()" classname="onboarding.ApplicationTest$Problem1Test" time="0.111"/>
  <testcase name="case2()" classname="onboarding.ApplicationTest$Problem1Test" time="0.002"/>
  <testcase name="case3()" classname="onboarding.ApplicationTest$Problem1Test" time="0.002"/>
  <system-out><![CDATA[]]></system-out>
  <system-err><![CDATA[]]></system-err>
</testsuite>
